The system is: Darwin - 16.4.0 - x86_64
Compiling the CXX compiler identification source file "CMakeCXXCompilerId.cpp" succeeded.
Compiler: /usr/bin/g++ 
Build flags: 
Id flags: 

The output was:
0


Compilation of the CXX compiler identification source "CMakeCXXCompilerId.cpp" produced "a.out"

The CXX compiler identification is AppleClang, found in "/Users/clementine.fourrier/RiemAlzh/cmake-build-debug/CMakeFiles/3.7.1/CompilerIdCXX/a.out"

Determining if the CXX compiler works passed with the following output:
Change Dir: /Users/clementine.fourrier/RiemAlzh/cmake-build-debug/CMakeFiles/CMakeTmp

Run Build Command:"/usr/bin/make" "cmTC_13a75/fast"
/Applications/Xcode.app/Contents/Developer/usr/bin/make -f CMakeFiles/cmTC_13a75.dir/build.make CMakeFiles/cmTC_13a75.dir/build
Building CXX object CMakeFiles/cmTC_13a75.dir/testCXXCompiler.cxx.o
/usr/bin/g++      -o CMakeFiles/cmTC_13a75.dir/testCXXCompiler.cxx.o -c /Users/clementine.fourrier/RiemAlzh/cmake-build-debug/CMakeFiles/CMakeTmp/testCXXCompiler.cxx
Linking CXX executable cmTC_13a75
/Applications/CLion.app/Contents/bin/cmake/bin/cmake -E cmake_link_script CMakeFiles/cmTC_13a75.dir/link.txt --verbose=1
/usr/bin/g++     -Wl,-search_paths_first -Wl,-headerpad_max_install_names -L/usr/local/opt/llvm/lib -Wl,-rpath,/usr/local/opt/llvm/lib  CMakeFiles/cmTC_13a75.dir/testCXXCompiler.cxx.o  -o cmTC_13a75  
ld: warning: directory not found for option '-L/usr/local/opt/llvm/lib'


Detecting CXX compiler ABI info compiled with the following output:
Change Dir: /Users/clementine.fourrier/RiemAlzh/cmake-build-debug/CMakeFiles/CMakeTmp

Run Build Command:"/usr/bin/make" "cmTC_c3393/fast"
/Applications/Xcode.app/Contents/Developer/usr/bin/make -f CMakeFiles/cmTC_c3393.dir/build.make CMakeFiles/cmTC_c3393.dir/build
Building CXX object CMakeFiles/cmTC_c3393.dir/CMakeCXXCompilerABI.cpp.o
/usr/bin/g++      -o CMakeFiles/cmTC_c3393.dir/CMakeCXXCompilerABI.cpp.o -c /Applications/CLion.app/Contents/bin/cmake/share/cmake-3.7/Modules/CMakeCXXCompilerABI.cpp
Linking CXX executable cmTC_c3393
/Applications/CLion.app/Contents/bin/cmake/bin/cmake -E cmake_link_script CMakeFiles/cmTC_c3393.dir/link.txt --verbose=1
/usr/bin/g++     -Wl,-search_paths_first -Wl,-headerpad_max_install_names -L/usr/local/opt/llvm/lib -Wl,-rpath,/usr/local/opt/llvm/lib -v -Wl,-v CMakeFiles/cmTC_c3393.dir/CMakeCXXCompilerABI.cpp.o  -o cmTC_c3393   
Apple LLVM version 8.0.0 (clang-800.0.42.1)
Target: x86_64-apple-darwin16.4.0
Thread model: posix
InstalledDir: /Applications/Xcode.app/Contents/Developer/Toolchains/XcodeDefault.xctoolchain/usr/bin
 "/Applications/Xcode.app/Contents/Developer/Toolchains/XcodeDefault.xctoolchain/usr/bin/ld" -demangle -dynamic -arch x86_64 -macosx_version_min 10.12.0 -o cmTC_c3393 -L/usr/local/opt/llvm/lib -search_paths_first -headerpad_max_install_names -rpath /usr/local/opt/llvm/lib -v CMakeFiles/cmTC_c3393.dir/CMakeCXXCompilerABI.cpp.o -lc++ -lSystem /Applications/Xcode.app/Contents/Developer/Toolchains/XcodeDefault.xctoolchain/usr/bin/../lib/clang/8.0.0/lib/darwin/libclang_rt.osx.a
@(#)PROGRAM:ld  PROJECT:ld64-274.2
configured to support archs: armv6 armv7 armv7s arm64 i386 x86_64 x86_64h armv6m armv7k armv7m armv7em (tvOS)
ld: warning: directory not found for option '-L/usr/local/opt/llvm/lib'
Library search paths:
	/usr/lib
	/usr/local/lib
Framework search paths:
	/Library/Frameworks/
	/System/Library/Frameworks/


Parsed CXX implicit link information from above output:
  link line regex: [^( *|.*[/\])(ld|([^/\]+-)?ld|collect2)[^/\]*( |$)]
  ignore line: [Change Dir: /Users/clementine.fourrier/RiemAlzh/cmake-build-debug/CMakeFiles/CMakeTmp]
  ignore line: []
  ignore line: [Run Build Command:"/usr/bin/make" "cmTC_c3393/fast"]
  ignore line: [/Applications/Xcode.app/Contents/Developer/usr/bin/make -f CMakeFiles/cmTC_c3393.dir/build.make CMakeFiles/cmTC_c3393.dir/build]
  ignore line: [Building CXX object CMakeFiles/cmTC_c3393.dir/CMakeCXXCompilerABI.cpp.o]
  ignore line: [/usr/bin/g++      -o CMakeFiles/cmTC_c3393.dir/CMakeCXXCompilerABI.cpp.o -c /Applications/CLion.app/Contents/bin/cmake/share/cmake-3.7/Modules/CMakeCXXCompilerABI.cpp]
  ignore line: [Linking CXX executable cmTC_c3393]
  ignore line: [/Applications/CLion.app/Contents/bin/cmake/bin/cmake -E cmake_link_script CMakeFiles/cmTC_c3393.dir/link.txt --verbose=1]
  ignore line: [/usr/bin/g++     -Wl,-search_paths_first -Wl,-headerpad_max_install_names -L/usr/local/opt/llvm/lib -Wl,-rpath,/usr/local/opt/llvm/lib -v -Wl,-v CMakeFiles/cmTC_c3393.dir/CMakeCXXCompilerABI.cpp.o  -o cmTC_c3393   ]
  ignore line: [Apple LLVM version 8.0.0 (clang-800.0.42.1)]
  ignore line: [Target: x86_64-apple-darwin16.4.0]
  ignore line: [Thread model: posix]
  ignore line: [InstalledDir: /Applications/Xcode.app/Contents/Developer/Toolchains/XcodeDefault.xctoolchain/usr/bin]
  link line: [ "/Applications/Xcode.app/Contents/Developer/Toolchains/XcodeDefault.xctoolchain/usr/bin/ld" -demangle -dynamic -arch x86_64 -macosx_version_min 10.12.0 -o cmTC_c3393 -L/usr/local/opt/llvm/lib -search_paths_first -headerpad_max_install_names -rpath /usr/local/opt/llvm/lib -v CMakeFiles/cmTC_c3393.dir/CMakeCXXCompilerABI.cpp.o -lc++ -lSystem /Applications/Xcode.app/Contents/Developer/Toolchains/XcodeDefault.xctoolchain/usr/bin/../lib/clang/8.0.0/lib/darwin/libclang_rt.osx.a]
    arg [/Applications/Xcode.app/Contents/Developer/Toolchains/XcodeDefault.xctoolchain/usr/bin/ld] ==> ignore
    arg [-demangle] ==> ignore
    arg [-dynamic] ==> ignore
    arg [-arch] ==> ignore
    arg [x86_64] ==> ignore
    arg [-macosx_version_min] ==> ignore
    arg [10.12.0] ==> ignore
    arg [-o] ==> ignore
    arg [cmTC_c3393] ==> ignore
    arg [-L/usr/local/opt/llvm/lib] ==> dir [/usr/local/opt/llvm/lib]
    arg [-search_paths_first] ==> ignore
    arg [-headerpad_max_install_names] ==> ignore
    arg [-rpath] ==> ignore
    arg [/usr/local/opt/llvm/lib] ==> ignore
    arg [-v] ==> ignore
    arg [CMakeFiles/cmTC_c3393.dir/CMakeCXXCompilerABI.cpp.o] ==> ignore
    arg [-lc++] ==> lib [c++]
    arg [-lSystem] ==> lib [System]
    arg [/Applications/Xcode.app/Contents/Developer/Toolchains/XcodeDefault.xctoolchain/usr/bin/../lib/clang/8.0.0/lib/darwin/libclang_rt.osx.a] ==> lib [/Applications/Xcode.app/Contents/Developer/Toolchains/XcodeDefault.xctoolchain/usr/bin/../lib/clang/8.0.0/lib/darwin/libclang_rt.osx.a]
  Library search paths: [;/usr/lib;/usr/local/lib]
  Framework search paths: [;/Library/Frameworks/;/System/Library/Frameworks/]
  remove lib [System]
  remove lib [/Applications/Xcode.app/Contents/Developer/Toolchains/XcodeDefault.xctoolchain/usr/bin/../lib/clang/8.0.0/lib/darwin/libclang_rt.osx.a]
  collapse library dir [/usr/local/opt/llvm/lib] ==> [/usr/local/opt/llvm/lib]
  collapse library dir [/usr/lib] ==> [/usr/lib]
  collapse library dir [/usr/local/lib] ==> [/usr/local/lib]
  collapse framework dir [/Library/Frameworks/] ==> [/Library/Frameworks]
  collapse framework dir [/System/Library/Frameworks/] ==> [/System/Library/Frameworks]
  implicit libs: [c++]
  implicit dirs: [/usr/local/opt/llvm/lib;/usr/lib;/usr/local/lib]
  implicit fwks: [/Library/Frameworks;/System/Library/Frameworks]




Detecting CXX [-std=c++14] compiler features compiled with the following output:
Change Dir: /Users/clementine.fourrier/RiemAlzh/cmake-build-debug/CMakeFiles/CMakeTmp

Run Build Command:"/usr/bin/make" "cmTC_cdfe1/fast"
/Applications/Xcode.app/Contents/Developer/usr/bin/make -f CMakeFiles/cmTC_cdfe1.dir/build.make CMakeFiles/cmTC_cdfe1.dir/build
Building CXX object CMakeFiles/cmTC_cdfe1.dir/feature_tests.cxx.o
/usr/bin/g++     -std=c++14 -o CMakeFiles/cmTC_cdfe1.dir/feature_tests.cxx.o -c /Users/clementine.fourrier/RiemAlzh/cmake-build-debug/CMakeFiles/feature_tests.cxx
Linking CXX executable cmTC_cdfe1
/Applications/CLion.app/Contents/bin/cmake/bin/cmake -E cmake_link_script CMakeFiles/cmTC_cdfe1.dir/link.txt --verbose=1
/usr/bin/g++     -Wl,-search_paths_first -Wl,-headerpad_max_install_names -L/usr/local/opt/llvm/lib -Wl,-rpath,/usr/local/opt/llvm/lib  CMakeFiles/cmTC_cdfe1.dir/feature_tests.cxx.o  -o cmTC_cdfe1  
ld: warning: directory not found for option '-L/usr/local/opt/llvm/lib'


    Feature record: CXX_FEATURE:1cxx_aggregate_default_initializers
    Feature record: CXX_FEATURE:1cxx_alias_templates
    Feature record: CXX_FEATURE:1cxx_alignas
    Feature record: CXX_FEATURE:1cxx_alignof
    Feature record: CXX_FEATURE:1cxx_attributes
    Feature record: CXX_FEATURE:1cxx_attribute_deprecated
    Feature record: CXX_FEATURE:1cxx_auto_type
    Feature record: CXX_FEATURE:1cxx_binary_literals
    Feature record: CXX_FEATURE:1cxx_constexpr
    Feature record: CXX_FEATURE:1cxx_contextual_conversions
    Feature record: CXX_FEATURE:1cxx_decltype
    Feature record: CXX_FEATURE:1cxx_decltype_auto
    Feature record: CXX_FEATURE:1cxx_decltype_incomplete_return_types
    Feature record: CXX_FEATURE:1cxx_default_function_template_args
    Feature record: CXX_FEATURE:1cxx_defaulted_functions
    Feature record: CXX_FEATURE:1cxx_defaulted_move_initializers
    Feature record: CXX_FEATURE:1cxx_delegating_constructors
    Feature record: CXX_FEATURE:1cxx_deleted_functions
    Feature record: CXX_FEATURE:1cxx_digit_separators
    Feature record: CXX_FEATURE:1cxx_enum_forward_declarations
    Feature record: CXX_FEATURE:1cxx_explicit_conversions
    Feature record: CXX_FEATURE:1cxx_extended_friend_declarations
    Feature record: CXX_FEATURE:1cxx_extern_templates
    Feature record: CXX_FEATURE:1cxx_final
    Feature record: CXX_FEATURE:1cxx_func_identifier
    Feature record: CXX_FEATURE:1cxx_generalized_initializers
    Feature record: CXX_FEATURE:1cxx_generic_lambdas
    Feature record: CXX_FEATURE:1cxx_inheriting_constructors
    Feature record: CXX_FEATURE:1cxx_inline_namespaces
    Feature record: CXX_FEATURE:1cxx_lambdas
    Feature record: CXX_FEATURE:1cxx_lambda_init_captures
    Feature record: CXX_FEATURE:1cxx_local_type_template_args
    Feature record: CXX_FEATURE:1cxx_long_long_type
    Feature record: CXX_FEATURE:1cxx_noexcept
    Feature record: CXX_FEATURE:1cxx_nonstatic_member_init
    Feature record: CXX_FEATURE:1cxx_nullptr
    Feature record: CXX_FEATURE:1cxx_override
    Feature record: CXX_FEATURE:1cxx_range_for
    Feature record: CXX_FEATURE:1cxx_raw_string_literals
    Feature record: CXX_FEATURE:1cxx_reference_qualified_functions
    Feature record: CXX_FEATURE:1cxx_relaxed_constexpr
    Feature record: CXX_FEATURE:1cxx_return_type_deduction
    Feature record: CXX_FEATURE:1cxx_right_angle_brackets
    Feature record: CXX_FEATURE:1cxx_rvalue_references
    Feature record: CXX_FEATURE:1cxx_sizeof_member
    Feature record: CXX_FEATURE:1cxx_static_assert
    Feature record: CXX_FEATURE:1cxx_strong_enums
    Feature record: CXX_FEATURE:1cxx_template_template_parameters
    Feature record: CXX_FEATURE:1cxx_thread_local
    Feature record: CXX_FEATURE:1cxx_trailing_return_types
    Feature record: CXX_FEATURE:1cxx_unicode_literals
    Feature record: CXX_FEATURE:1cxx_uniform_initialization
    Feature record: CXX_FEATURE:1cxx_unrestricted_unions
    Feature record: CXX_FEATURE:1cxx_user_literals
    Feature record: CXX_FEATURE:1cxx_variable_templates
    Feature record: CXX_FEATURE:1cxx_variadic_macros
    Feature record: CXX_FEATURE:1cxx_variadic_templates


Detecting CXX [-std=c++11] compiler features compiled with the following output:
Change Dir: /Users/clementine.fourrier/RiemAlzh/cmake-build-debug/CMakeFiles/CMakeTmp

Run Build Command:"/usr/bin/make" "cmTC_00398/fast"
/Applications/Xcode.app/Contents/Developer/usr/bin/make -f CMakeFiles/cmTC_00398.dir/build.make CMakeFiles/cmTC_00398.dir/build
Building CXX object CMakeFiles/cmTC_00398.dir/feature_tests.cxx.o
/usr/bin/g++     -std=c++11 -o CMakeFiles/cmTC_00398.dir/feature_tests.cxx.o -c /Users/clementine.fourrier/RiemAlzh/cmake-build-debug/CMakeFiles/feature_tests.cxx
Linking CXX executable cmTC_00398
/Applications/CLion.app/Contents/bin/cmake/bin/cmake -E cmake_link_script CMakeFiles/cmTC_00398.dir/link.txt --verbose=1
/usr/bin/g++     -Wl,-search_paths_first -Wl,-headerpad_max_install_names -L/usr/local/opt/llvm/lib -Wl,-rpath,/usr/local/opt/llvm/lib  CMakeFiles/cmTC_00398.dir/feature_tests.cxx.o  -o cmTC_00398  
ld: warning: directory not found for option '-L/usr/local/opt/llvm/lib'


    Feature record: CXX_FEATURE:0cxx_aggregate_default_initializers
    Feature record: CXX_FEATURE:1cxx_alias_templates
    Feature record: CXX_FEATURE:1cxx_alignas
    Feature record: CXX_FEATURE:1cxx_alignof
    Feature record: CXX_FEATURE:1cxx_attributes
    Feature record: CXX_FEATURE:0cxx_attribute_deprecated
    Feature record: CXX_FEATURE:1cxx_auto_type
    Feature record: CXX_FEATURE:0cxx_binary_literals
    Feature record: CXX_FEATURE:1cxx_constexpr
    Feature record: CXX_FEATURE:0cxx_contextual_conversions
    Feature record: CXX_FEATURE:1cxx_decltype
    Feature record: CXX_FEATURE:0cxx_decltype_auto
    Feature record: CXX_FEATURE:1cxx_decltype_incomplete_return_types
    Feature record: CXX_FEATURE:1cxx_default_function_template_args
    Feature record: CXX_FEATURE:1cxx_defaulted_functions
    Feature record: CXX_FEATURE:1cxx_defaulted_move_initializers
    Feature record: CXX_FEATURE:1cxx_delegating_constructors
    Feature record: CXX_FEATURE:1cxx_deleted_functions
    Feature record: CXX_FEATURE:0cxx_digit_separators
    Feature record: CXX_FEATURE:1cxx_enum_forward_declarations
    Feature record: CXX_FEATURE:1cxx_explicit_conversions
    Feature record: CXX_FEATURE:1cxx_extended_friend_declarations
    Feature record: CXX_FEATURE:1cxx_extern_templates
    Feature record: CXX_FEATURE:1cxx_final
    Feature record: CXX_FEATURE:1cxx_func_identifier
    Feature record: CXX_FEATURE:1cxx_generalized_initializers
    Feature record: CXX_FEATURE:0cxx_generic_lambdas
    Feature record: CXX_FEATURE:1cxx_inheriting_constructors
    Feature record: CXX_FEATURE:1cxx_inline_namespaces
    Feature record: CXX_FEATURE:1cxx_lambdas
    Feature record: CXX_FEATURE:0cxx_lambda_init_captures
    Feature record: CXX_FEATURE:1cxx_local_type_template_args
    Feature record: CXX_FEATURE:1cxx_long_long_type
    Feature record: CXX_FEATURE:1cxx_noexcept
    Feature record: CXX_FEATURE:1cxx_nonstatic_member_init
    Feature record: CXX_FEATURE:1cxx_nullptr
    Feature record: CXX_FEATURE:1cxx_override
    Feature record: CXX_FEATURE:1cxx_range_for
    Feature record: CXX_FEATURE:1cxx_raw_string_literals
    Feature record: CXX_FEATURE:1cxx_reference_qualified_functions
    Feature record: CXX_FEATURE:0cxx_relaxed_constexpr
    Feature record: CXX_FEATURE:0cxx_return_type_deduction
    Feature record: CXX_FEATURE:1cxx_right_angle_brackets
    Feature record: CXX_FEATURE:1cxx_rvalue_references
    Feature record: CXX_FEATURE:1cxx_sizeof_member
    Feature record: CXX_FEATURE:1cxx_static_assert
    Feature record: CXX_FEATURE:1cxx_strong_enums
    Feature record: CXX_FEATURE:1cxx_template_template_parameters
    Feature record: CXX_FEATURE:1cxx_thread_local
    Feature record: CXX_FEATURE:1cxx_trailing_return_types
    Feature record: CXX_FEATURE:1cxx_unicode_literals
    Feature record: CXX_FEATURE:1cxx_uniform_initialization
    Feature record: CXX_FEATURE:1cxx_unrestricted_unions
    Feature record: CXX_FEATURE:1cxx_user_literals
    Feature record: CXX_FEATURE:0cxx_variable_templates
    Feature record: CXX_FEATURE:1cxx_variadic_macros
    Feature record: CXX_FEATURE:1cxx_variadic_templates


Detecting CXX [-std=c++98] compiler features compiled with the following output:
Change Dir: /Users/clementine.fourrier/RiemAlzh/cmake-build-debug/CMakeFiles/CMakeTmp

Run Build Command:"/usr/bin/make" "cmTC_90830/fast"
/Applications/Xcode.app/Contents/Developer/usr/bin/make -f CMakeFiles/cmTC_90830.dir/build.make CMakeFiles/cmTC_90830.dir/build
Building CXX object CMakeFiles/cmTC_90830.dir/feature_tests.cxx.o
/usr/bin/g++     -std=c++98 -o CMakeFiles/cmTC_90830.dir/feature_tests.cxx.o -c /Users/clementine.fourrier/RiemAlzh/cmake-build-debug/CMakeFiles/feature_tests.cxx
Linking CXX executable cmTC_90830
/Applications/CLion.app/Contents/bin/cmake/bin/cmake -E cmake_link_script CMakeFiles/cmTC_90830.dir/link.txt --verbose=1
/usr/bin/g++     -Wl,-search_paths_first -Wl,-headerpad_max_install_names -L/usr/local/opt/llvm/lib -Wl,-rpath,/usr/local/opt/llvm/lib  CMakeFiles/cmTC_90830.dir/feature_tests.cxx.o  -o cmTC_90830  
ld: warning: directory not found for option '-L/usr/local/opt/llvm/lib'


    Feature record: CXX_FEATURE:0cxx_aggregate_default_initializers
    Feature record: CXX_FEATURE:0cxx_alias_templates
    Feature record: CXX_FEATURE:0cxx_alignas
    Feature record: CXX_FEATURE:0cxx_alignof
    Feature record: CXX_FEATURE:0cxx_attributes
    Feature record: CXX_FEATURE:0cxx_attribute_deprecated
    Feature record: CXX_FEATURE:0cxx_auto_type
    Feature record: CXX_FEATURE:0cxx_binary_literals
    Feature record: CXX_FEATURE:0cxx_constexpr
    Feature record: CXX_FEATURE:0cxx_contextual_conversions
    Feature record: CXX_FEATURE:0cxx_decltype
    Feature record: CXX_FEATURE:0cxx_decltype_auto
    Feature record: CXX_FEATURE:0cxx_decltype_incomplete_return_types
    Feature record: CXX_FEATURE:0cxx_default_function_template_args
    Feature record: CXX_FEATURE:0cxx_defaulted_functions
    Feature record: CXX_FEATURE:0cxx_defaulted_move_initializers
    Feature record: CXX_FEATURE:0cxx_delegating_constructors
    Feature record: CXX_FEATURE:0cxx_deleted_functions
    Feature record: CXX_FEATURE:0cxx_digit_separators
    Feature record: CXX_FEATURE:0cxx_enum_forward_declarations
    Feature record: CXX_FEATURE:0cxx_explicit_conversions
    Feature record: CXX_FEATURE:0cxx_extended_friend_declarations
    Feature record: CXX_FEATURE:0cxx_extern_templates
    Feature record: CXX_FEATURE:0cxx_final
    Feature record: CXX_FEATURE:0cxx_func_identifier
    Feature record: CXX_FEATURE:0cxx_generalized_initializers
    Feature record: CXX_FEATURE:0cxx_generic_lambdas
    Feature record: CXX_FEATURE:0cxx_inheriting_constructors
    Feature record: CXX_FEATURE:0cxx_inline_namespaces
    Feature record: CXX_FEATURE:0cxx_lambdas
    Feature record: CXX_FEATURE:0cxx_lambda_init_captures
    Feature record: CXX_FEATURE:0cxx_local_type_template_args
    Feature record: CXX_FEATURE:0cxx_long_long_type
    Feature record: CXX_FEATURE:0cxx_noexcept
    Feature record: CXX_FEATURE:0cxx_nonstatic_member_init
    Feature record: CXX_FEATURE:0cxx_nullptr
    Feature record: CXX_FEATURE:0cxx_override
    Feature record: CXX_FEATURE:0cxx_range_for
    Feature record: CXX_FEATURE:0cxx_raw_string_literals
    Feature record: CXX_FEATURE:0cxx_reference_qualified_functions
    Feature record: CXX_FEATURE:0cxx_relaxed_constexpr
    Feature record: CXX_FEATURE:0cxx_return_type_deduction
    Feature record: CXX_FEATURE:0cxx_right_angle_brackets
    Feature record: CXX_FEATURE:0cxx_rvalue_references
    Feature record: CXX_FEATURE:0cxx_sizeof_member
    Feature record: CXX_FEATURE:0cxx_static_assert
    Feature record: CXX_FEATURE:0cxx_strong_enums
    Feature record: CXX_FEATURE:1cxx_template_template_parameters
    Feature record: CXX_FEATURE:0cxx_thread_local
    Feature record: CXX_FEATURE:0cxx_trailing_return_types
    Feature record: CXX_FEATURE:0cxx_unicode_literals
    Feature record: CXX_FEATURE:0cxx_uniform_initialization
    Feature record: CXX_FEATURE:0cxx_unrestricted_unions
    Feature record: CXX_FEATURE:0cxx_user_literals
    Feature record: CXX_FEATURE:0cxx_variable_templates
    Feature record: CXX_FEATURE:0cxx_variadic_macros
    Feature record: CXX_FEATURE:0cxx_variadic_templates
Performing C++ SOURCE FILE Test COMPILER_HAS_CXX_FLAG_gnuxx1z succeeded with the following output:
Change Dir: /Users/clementine.fourrier/RiemAlzh/cmake-build-debug/CMakeFiles/CMakeTmp

Run Build Command:"/usr/bin/make" "cmTC_ef5c9/fast"
/Applications/Xcode.app/Contents/Developer/usr/bin/make -f CMakeFiles/cmTC_ef5c9.dir/build.make CMakeFiles/cmTC_ef5c9.dir/build
Building CXX object CMakeFiles/cmTC_ef5c9.dir/src.cxx.o
/usr/bin/g++     -DCOMPILER_HAS_CXX_FLAG_gnuxx1z   -std=gnu++1z -o CMakeFiles/cmTC_ef5c9.dir/src.cxx.o -c /Users/clementine.fourrier/RiemAlzh/cmake-build-debug/CMakeFiles/CMakeTmp/src.cxx
Linking CXX executable cmTC_ef5c9
/Applications/CLion.app/Contents/bin/cmake/bin/cmake -E cmake_link_script CMakeFiles/cmTC_ef5c9.dir/link.txt --verbose=1
/usr/bin/g++    -DCOMPILER_HAS_CXX_FLAG_gnuxx1z -Wl,-search_paths_first -Wl,-headerpad_max_install_names -L/usr/local/opt/llvm/lib -Wl,-rpath,/usr/local/opt/llvm/lib  CMakeFiles/cmTC_ef5c9.dir/src.cxx.o  -o cmTC_ef5c9  
ld: warning: directory not found for option '-L/usr/local/opt/llvm/lib'

Source file was:
int main() { return 0; }
Compiling the C compiler identification source file "CMakeCCompilerId.c" succeeded.
Compiler: /usr/bin/gcc 
Build flags: 
Id flags: 

The output was:
0


Compilation of the C compiler identification source "CMakeCCompilerId.c" produced "a.out"

The C compiler identification is AppleClang, found in "/Users/clementine.fourrier/RiemAlzh/cmake-build-debug/CMakeFiles/3.7.1/CompilerIdC/a.out"

Determining if the C compiler works passed with the following output:
Change Dir: /Users/clementine.fourrier/RiemAlzh/cmake-build-debug/CMakeFiles/CMakeTmp

Run Build Command:"/usr/bin/make" "cmTC_cb700/fast"
/Applications/Xcode.app/Contents/Developer/usr/bin/make -f CMakeFiles/cmTC_cb700.dir/build.make CMakeFiles/cmTC_cb700.dir/build
Building C object CMakeFiles/cmTC_cb700.dir/testCCompiler.c.o
/usr/bin/gcc     -o CMakeFiles/cmTC_cb700.dir/testCCompiler.c.o   -c /Users/clementine.fourrier/RiemAlzh/cmake-build-debug/CMakeFiles/CMakeTmp/testCCompiler.c
Linking C executable cmTC_cb700
/Applications/CLion.app/Contents/bin/cmake/bin/cmake -E cmake_link_script CMakeFiles/cmTC_cb700.dir/link.txt --verbose=1
/usr/bin/gcc    -Wl,-search_paths_first -Wl,-headerpad_max_install_names -L/usr/local/opt/llvm/lib -Wl,-rpath,/usr/local/opt/llvm/lib  CMakeFiles/cmTC_cb700.dir/testCCompiler.c.o  -o cmTC_cb700  
ld: warning: directory not found for option '-L/usr/local/opt/llvm/lib'


Detecting C compiler ABI info compiled with the following output:
Change Dir: /Users/clementine.fourrier/RiemAlzh/cmake-build-debug/CMakeFiles/CMakeTmp

Run Build Command:"/usr/bin/make" "cmTC_613ce/fast"
/Applications/Xcode.app/Contents/Developer/usr/bin/make -f CMakeFiles/cmTC_613ce.dir/build.make CMakeFiles/cmTC_613ce.dir/build
Building C object CMakeFiles/cmTC_613ce.dir/CMakeCCompilerABI.c.o
/usr/bin/gcc     -o CMakeFiles/cmTC_613ce.dir/CMakeCCompilerABI.c.o   -c /Applications/CLion.app/Contents/bin/cmake/share/cmake-3.7/Modules/CMakeCCompilerABI.c
Linking C executable cmTC_613ce
/Applications/CLion.app/Contents/bin/cmake/bin/cmake -E cmake_link_script CMakeFiles/cmTC_613ce.dir/link.txt --verbose=1
/usr/bin/gcc    -Wl,-search_paths_first -Wl,-headerpad_max_install_names -L/usr/local/opt/llvm/lib -Wl,-rpath,/usr/local/opt/llvm/lib -v -Wl,-v CMakeFiles/cmTC_613ce.dir/CMakeCCompilerABI.c.o  -o cmTC_613ce   
Apple LLVM version 8.0.0 (clang-800.0.42.1)
Target: x86_64-apple-darwin16.4.0
Thread model: posix
InstalledDir: /Applications/Xcode.app/Contents/Developer/Toolchains/XcodeDefault.xctoolchain/usr/bin
 "/Applications/Xcode.app/Contents/Developer/Toolchains/XcodeDefault.xctoolchain/usr/bin/ld" -demangle -dynamic -arch x86_64 -macosx_version_min 10.12.0 -o cmTC_613ce -L/usr/local/opt/llvm/lib -search_paths_first -headerpad_max_install_names -rpath /usr/local/opt/llvm/lib -v CMakeFiles/cmTC_613ce.dir/CMakeCCompilerABI.c.o -lSystem /Applications/Xcode.app/Contents/Developer/Toolchains/XcodeDefault.xctoolchain/usr/bin/../lib/clang/8.0.0/lib/darwin/libclang_rt.osx.a
@(#)PROGRAM:ld  PROJECT:ld64-274.2
configured to support archs: armv6 armv7 armv7s arm64 i386 x86_64 x86_64h armv6m armv7k armv7m armv7em (tvOS)
ld: warning: directory not found for option '-L/usr/local/opt/llvm/lib'
Library search paths:
	/usr/lib
	/usr/local/lib
Framework search paths:
	/Library/Frameworks/
	/System/Library/Frameworks/


Parsed C implicit link information from above output:
  link line regex: [^( *|.*[/\])(ld|([^/\]+-)?ld|collect2)[^/\]*( |$)]
  ignore line: [Change Dir: /Users/clementine.fourrier/RiemAlzh/cmake-build-debug/CMakeFiles/CMakeTmp]
  ignore line: []
  ignore line: [Run Build Command:"/usr/bin/make" "cmTC_613ce/fast"]
  ignore line: [/Applications/Xcode.app/Contents/Developer/usr/bin/make -f CMakeFiles/cmTC_613ce.dir/build.make CMakeFiles/cmTC_613ce.dir/build]
  ignore line: [Building C object CMakeFiles/cmTC_613ce.dir/CMakeCCompilerABI.c.o]
  ignore line: [/usr/bin/gcc     -o CMakeFiles/cmTC_613ce.dir/CMakeCCompilerABI.c.o   -c /Applications/CLion.app/Contents/bin/cmake/share/cmake-3.7/Modules/CMakeCCompilerABI.c]
  ignore line: [Linking C executable cmTC_613ce]
  ignore line: [/Applications/CLion.app/Contents/bin/cmake/bin/cmake -E cmake_link_script CMakeFiles/cmTC_613ce.dir/link.txt --verbose=1]
  ignore line: [/usr/bin/gcc    -Wl,-search_paths_first -Wl,-headerpad_max_install_names -L/usr/local/opt/llvm/lib -Wl,-rpath,/usr/local/opt/llvm/lib -v -Wl,-v CMakeFiles/cmTC_613ce.dir/CMakeCCompilerABI.c.o  -o cmTC_613ce   ]
  ignore line: [Apple LLVM version 8.0.0 (clang-800.0.42.1)]
  ignore line: [Target: x86_64-apple-darwin16.4.0]
  ignore line: [Thread model: posix]
  ignore line: [InstalledDir: /Applications/Xcode.app/Contents/Developer/Toolchains/XcodeDefault.xctoolchain/usr/bin]
  link line: [ "/Applications/Xcode.app/Contents/Developer/Toolchains/XcodeDefault.xctoolchain/usr/bin/ld" -demangle -dynamic -arch x86_64 -macosx_version_min 10.12.0 -o cmTC_613ce -L/usr/local/opt/llvm/lib -search_paths_first -headerpad_max_install_names -rpath /usr/local/opt/llvm/lib -v CMakeFiles/cmTC_613ce.dir/CMakeCCompilerABI.c.o -lSystem /Applications/Xcode.app/Contents/Developer/Toolchains/XcodeDefault.xctoolchain/usr/bin/../lib/clang/8.0.0/lib/darwin/libclang_rt.osx.a]
    arg [/Applications/Xcode.app/Contents/Developer/Toolchains/XcodeDefault.xctoolchain/usr/bin/ld] ==> ignore
    arg [-demangle] ==> ignore
    arg [-dynamic] ==> ignore
    arg [-arch] ==> ignore
    arg [x86_64] ==> ignore
    arg [-macosx_version_min] ==> ignore
    arg [10.12.0] ==> ignore
    arg [-o] ==> ignore
    arg [cmTC_613ce] ==> ignore
    arg [-L/usr/local/opt/llvm/lib] ==> dir [/usr/local/opt/llvm/lib]
    arg [-search_paths_first] ==> ignore
    arg [-headerpad_max_install_names] ==> ignore
    arg [-rpath] ==> ignore
    arg [/usr/local/opt/llvm/lib] ==> ignore
    arg [-v] ==> ignore
    arg [CMakeFiles/cmTC_613ce.dir/CMakeCCompilerABI.c.o] ==> ignore
    arg [-lSystem] ==> lib [System]
    arg [/Applications/Xcode.app/Contents/Developer/Toolchains/XcodeDefault.xctoolchain/usr/bin/../lib/clang/8.0.0/lib/darwin/libclang_rt.osx.a] ==> lib [/Applications/Xcode.app/Contents/Developer/Toolchains/XcodeDefault.xctoolchain/usr/bin/../lib/clang/8.0.0/lib/darwin/libclang_rt.osx.a]
  Library search paths: [;/usr/lib;/usr/local/lib]
  Framework search paths: [;/Library/Frameworks/;/System/Library/Frameworks/]
  remove lib [System]
  remove lib [/Applications/Xcode.app/Contents/Developer/Toolchains/XcodeDefault.xctoolchain/usr/bin/../lib/clang/8.0.0/lib/darwin/libclang_rt.osx.a]
  collapse library dir [/usr/local/opt/llvm/lib] ==> [/usr/local/opt/llvm/lib]
  collapse library dir [/usr/lib] ==> [/usr/lib]
  collapse library dir [/usr/local/lib] ==> [/usr/local/lib]
  collapse framework dir [/Library/Frameworks/] ==> [/Library/Frameworks]
  collapse framework dir [/System/Library/Frameworks/] ==> [/System/Library/Frameworks]
  implicit libs: []
  implicit dirs: [/usr/local/opt/llvm/lib;/usr/lib;/usr/local/lib]
  implicit fwks: [/Library/Frameworks;/System/Library/Frameworks]




Detecting C [-std=c11] compiler features compiled with the following output:
Change Dir: /Users/clementine.fourrier/RiemAlzh/cmake-build-debug/CMakeFiles/CMakeTmp

Run Build Command:"/usr/bin/make" "cmTC_29dd7/fast"
/Applications/Xcode.app/Contents/Developer/usr/bin/make -f CMakeFiles/cmTC_29dd7.dir/build.make CMakeFiles/cmTC_29dd7.dir/build
Building C object CMakeFiles/cmTC_29dd7.dir/feature_tests.c.o
/usr/bin/gcc    -std=c11 -o CMakeFiles/cmTC_29dd7.dir/feature_tests.c.o   -c /Users/clementine.fourrier/RiemAlzh/cmake-build-debug/CMakeFiles/feature_tests.c
Linking C executable cmTC_29dd7
/Applications/CLion.app/Contents/bin/cmake/bin/cmake -E cmake_link_script CMakeFiles/cmTC_29dd7.dir/link.txt --verbose=1
/usr/bin/gcc    -Wl,-search_paths_first -Wl,-headerpad_max_install_names -L/usr/local/opt/llvm/lib -Wl,-rpath,/usr/local/opt/llvm/lib  CMakeFiles/cmTC_29dd7.dir/feature_tests.c.o  -o cmTC_29dd7  
ld: warning: directory not found for option '-L/usr/local/opt/llvm/lib'


    Feature record: C_FEATURE:1c_function_prototypes
    Feature record: C_FEATURE:1c_restrict
    Feature record: C_FEATURE:1c_static_assert
    Feature record: C_FEATURE:1c_variadic_macros


Detecting C [-std=c99] compiler features compiled with the following output:
Change Dir: /Users/clementine.fourrier/RiemAlzh/cmake-build-debug/CMakeFiles/CMakeTmp

Run Build Command:"/usr/bin/make" "cmTC_0b1a1/fast"
/Applications/Xcode.app/Contents/Developer/usr/bin/make -f CMakeFiles/cmTC_0b1a1.dir/build.make CMakeFiles/cmTC_0b1a1.dir/build
Building C object CMakeFiles/cmTC_0b1a1.dir/feature_tests.c.o
/usr/bin/gcc    -std=c99 -o CMakeFiles/cmTC_0b1a1.dir/feature_tests.c.o   -c /Users/clementine.fourrier/RiemAlzh/cmake-build-debug/CMakeFiles/feature_tests.c
Linking C executable cmTC_0b1a1
/Applications/CLion.app/Contents/bin/cmake/bin/cmake -E cmake_link_script CMakeFiles/cmTC_0b1a1.dir/link.txt --verbose=1
/usr/bin/gcc    -Wl,-search_paths_first -Wl,-headerpad_max_install_names -L/usr/local/opt/llvm/lib -Wl,-rpath,/usr/local/opt/llvm/lib  CMakeFiles/cmTC_0b1a1.dir/feature_tests.c.o  -o cmTC_0b1a1  
ld: warning: directory not found for option '-L/usr/local/opt/llvm/lib'


    Feature record: C_FEATURE:1c_function_prototypes
    Feature record: C_FEATURE:1c_restrict
    Feature record: C_FEATURE:0c_static_assert
    Feature record: C_FEATURE:1c_variadic_macros


Detecting C [-std=c90] compiler features compiled with the following output:
Change Dir: /Users/clementine.fourrier/RiemAlzh/cmake-build-debug/CMakeFiles/CMakeTmp

Run Build Command:"/usr/bin/make" "cmTC_97259/fast"
/Applications/Xcode.app/Contents/Developer/usr/bin/make -f CMakeFiles/cmTC_97259.dir/build.make CMakeFiles/cmTC_97259.dir/build
Building C object CMakeFiles/cmTC_97259.dir/feature_tests.c.o
/usr/bin/gcc    -std=c90 -o CMakeFiles/cmTC_97259.dir/feature_tests.c.o   -c /Users/clementine.fourrier/RiemAlzh/cmake-build-debug/CMakeFiles/feature_tests.c
Linking C executable cmTC_97259
/Applications/CLion.app/Contents/bin/cmake/bin/cmake -E cmake_link_script CMakeFiles/cmTC_97259.dir/link.txt --verbose=1
/usr/bin/gcc    -Wl,-search_paths_first -Wl,-headerpad_max_install_names -L/usr/local/opt/llvm/lib -Wl,-rpath,/usr/local/opt/llvm/lib  CMakeFiles/cmTC_97259.dir/feature_tests.c.o  -o cmTC_97259  
ld: warning: directory not found for option '-L/usr/local/opt/llvm/lib'


    Feature record: C_FEATURE:1c_function_prototypes
    Feature record: C_FEATURE:0c_restrict
    Feature record: C_FEATURE:0c_static_assert
    Feature record: C_FEATURE:0c_variadic_macros
Determining if the include file pthread.h exists passed with the following output:
Change Dir: /Users/clementine.fourrier/RiemAlzh/cmake-build-debug/CMakeFiles/CMakeTmp

Run Build Command:"/usr/bin/make" "cmTC_aea7b/fast"
/Applications/Xcode.app/Contents/Developer/usr/bin/make -f CMakeFiles/cmTC_aea7b.dir/build.make CMakeFiles/cmTC_aea7b.dir/build
Building C object CMakeFiles/cmTC_aea7b.dir/CheckIncludeFile.c.o
/usr/bin/gcc     -o CMakeFiles/cmTC_aea7b.dir/CheckIncludeFile.c.o   -c /Users/clementine.fourrier/RiemAlzh/cmake-build-debug/CMakeFiles/CMakeTmp/CheckIncludeFile.c
Linking C executable cmTC_aea7b
/Applications/CLion.app/Contents/bin/cmake/bin/cmake -E cmake_link_script CMakeFiles/cmTC_aea7b.dir/link.txt --verbose=1
/usr/bin/gcc    -Wl,-search_paths_first -Wl,-headerpad_max_install_names -L/usr/local/opt/llvm/lib -Wl,-rpath,/usr/local/opt/llvm/lib  CMakeFiles/cmTC_aea7b.dir/CheckIncludeFile.c.o  -o cmTC_aea7b  
ld: warning: directory not found for option '-L/usr/local/opt/llvm/lib'


Determining if the pthread_create exist passed with the following output:
Change Dir: /Users/clementine.fourrier/RiemAlzh/cmake-build-debug/CMakeFiles/CMakeTmp

Run Build Command:"/usr/bin/make" "cmTC_02341/fast"
/Applications/Xcode.app/Contents/Developer/usr/bin/make -f CMakeFiles/cmTC_02341.dir/build.make CMakeFiles/cmTC_02341.dir/build
Building C object CMakeFiles/cmTC_02341.dir/CheckSymbolExists.c.o
/usr/bin/gcc     -o CMakeFiles/cmTC_02341.dir/CheckSymbolExists.c.o   -c /Users/clementine.fourrier/RiemAlzh/cmake-build-debug/CMakeFiles/CMakeTmp/CheckSymbolExists.c
Linking C executable cmTC_02341
/Applications/CLion.app/Contents/bin/cmake/bin/cmake -E cmake_link_script CMakeFiles/cmTC_02341.dir/link.txt --verbose=1
/usr/bin/gcc    -Wl,-search_paths_first -Wl,-headerpad_max_install_names -L/usr/local/opt/llvm/lib -Wl,-rpath,/usr/local/opt/llvm/lib  CMakeFiles/cmTC_02341.dir/CheckSymbolExists.c.o  -o cmTC_02341  
ld: warning: directory not found for option '-L/usr/local/opt/llvm/lib'

File /Users/clementine.fourrier/RiemAlzh/cmake-build-debug/CMakeFiles/CMakeTmp/CheckSymbolExists.c:
/* */
#include <pthread.h>

int main(int argc, char** argv)
{
  (void)argv;
#ifndef pthread_create
  return ((int*)(&pthread_create))[argc];
#else
  (void)argc;
  return 0;
#endif
}

